<?xml version="1.0" encoding="UTF-8"?>
<testng-results skipped="0" failed="0" ignored="0" total="1" passed="1">
  <reporter-output>
  </reporter-output>
  <suite name="Default suite" duration-ms="61576" started-at="2022-07-22T10:27:10Z" finished-at="2022-07-22T10:28:11Z">
    <groups>
    </groups>
    <test name="Default test" duration-ms="61576" started-at="2022-07-22T10:27:10Z" finished-at="2022-07-22T10:28:11Z">
      <class name="FOITest.HandleUsers">
        <test-method status="PASS" signature="switchtotenant()[pri:0, instance:FOITest.HandleUsers@27c20538]" name="switchtotenant" duration-ms="61549" started-at="2022-07-22T10:27:10Z" finished-at="2022-07-22T10:28:11Z">
          <reporter-output>
          </reporter-output>
        </test-method> <!-- switchtotenant -->
      </class> <!-- FOITest.HandleUsers -->
    </test> <!-- Default test -->
  </suite> <!-- Default suite -->
</testng-results>
